# JRE version: 7.0_04-b22
# Java VM: Java HotSpot(TM) Client VM (23.0-b21 mixed mode windows-x86 )
Heap
 def new generation   total 4992K, used 2928K [0x03de0000, 0x04340000, 0x09330000)
  eden space 4480K,  65% used [0x03de0000, 0x040bbe60, 0x04240000)
  from space 512K,   0% used [0x04240000, 0x04240538, 0x042c0000)
  to   space 512K,   0% used [0x042c0000, 0x042c0000, 0x04340000)
 tenured generation   total 10944K, used 9165K [0x09330000, 0x09de0000, 0x13de0000)
   the space 10944K,  83% used [0x09330000, 0x09c234a8, 0x09c23600, 0x09de0000)
 compacting perm gen  total 12288K, used 2175K [0x13de0000, 0x149e0000, 0x17de0000)
   the space 12288K,  17% used [0x13de0000, 0x13fffe88, 0x14000000, 0x149e0000)
GC Heap History (10 events):
Event: 62.839 GC heap before
{Heap before GC invocations=3897 (full 745):
 def new generation   total 4992K, used 3909K [0x03de0000, 0x04340000, 0x09330000)
  eden space 4480K,  87% used [0x03de0000, 0x041b14b8, 0x04240000)
  from space 512K,   0% used [0x042c0000, 0x042c0000, 0x04340000)
  to   space 512K,   0% used [0x04240000, 0x04240000, 0x042c0000)
 tenured generation   total 10944K, used 3313K [0x09330000, 0x09de0000, 0x13de0000)
   the space 10944K,  30% used [0x09330000, 0x0966c6e0, 0x0966c800, 0x09de0000)
 compacting perm gen  total 12288K, used 2175K [0x13de0000, 0x149e0000, 0x17de0000)
   the space 12288K,  17% used [0x13de0000, 0x13fffe88, 0x14000000, 0x149e0000)
No shared spaces configured.
Event: 62.840 GC heap after
Heap after GC invocations=3898 (full 745):
 def new generation   total 4992K, used 1K [0x03de0000, 0x04340000, 0x09330000)
  eden space 4480K,   0% used [0x03de0000, 0x03de0000, 0x04240000)
  from space 512K,   0% used [0x04240000, 0x04240520, 0x042c0000)
  to   space 512K,   0% used [0x042c0000, 0x042c0000, 0x04340000)
 tenured generation   total 10944K, used 7212K [0x09330000, 0x09de0000, 0x13de0000)
   the space 10944K,  65% used [0x09330000, 0x09a3b338, 0x09a3b400, 0x09de0000)
 compacting perm gen  total 12288K, used 2175K [0x13de0000, 0x149e0000, 0x17de0000)
   the space 12288K,  17% used [0x13de0000, 0x13fffe88, 0x14000000, 0x149e0000)
No shared spaces configured.
}
Event: 62.841 GC heap before
{Heap before GC invocations=3898 (full 745):
 def new generation   total 4992K, used 3902K [0x03de0000, 0x04340000, 0x09330000)
  eden space 4480K,  87% used [0x03de0000, 0x041af488, 0x04240000)
  from space 512K,   0% used [0x04240000, 0x04240520, 0x042c0000)
  to   space 512K,   0% used [0x042c0000, 0x042c0000, 0x04340000)
 tenured generation   total 10944K, used 7212K [0x09330000, 0x09de0000, 0x13de0000)
   the space 10944K,  65% used [0x09330000, 0x09a3b338, 0x09a3b400, 0x09de0000)
 compacting perm gen  total 12288K, used 2175K [0x13de0000, 0x149e0000, 0x17de0000)
   the space 12288K,  17% used [0x13de0000, 0x13fffe88, 0x14000000, 0x149e0000)
No shared spaces configured.
Event: 62.841 GC heap after
Heap after GC invocations=3899 (full 745):
 def new generation   total 4992K, used 1K [0x03de0000, 0x04340000, 0x09330000)
  eden space 4480K,   0% used [0x03de0000, 0x03de0000, 0x04240000)
  from space 512K,   0% used [0x042c0000, 0x042c0538, 0x04340000)
  to   space 512K,   0% used [0x04240000, 0x04240000, 0x042c0000)
 tenured generation   total 10944K, used 9162K [0x09330000, 0x09de0000, 0x13de0000)
   the space 10944K,  83% used [0x09330000, 0x09c22ae0, 0x09c22c00, 0x09de0000)
 compacting perm gen  total 12288K, used 2175K [0x13de0000, 0x149e0000, 0x17de0000)
   the space 12288K,  17% used [0x13de0000, 0x13fffe88, 0x14000000, 0x149e0000)
No shared spaces configured.
}
Event: 62.843 GC heap before
{Heap before GC invocations=3899 (full 745):
 def new generation   total 4992K, used 3911K [0x03de0000, 0x04340000, 0x09330000)
  eden space 4480K,  87% used [0x03de0000, 0x041b18d0, 0x04240000)
  from space 512K,   0% used [0x042c0000, 0x042c0538, 0x04340000)
  to   space 512K,   0% used [0x04240000, 0x04240000, 0x042c0000)
 tenured generation   total 10944K, used 9162K [0x09330000, 0x09de0000, 0x13de0000)
   the space 10944K,  83% used [0x09330000, 0x09c22ae0, 0x09c22c00, 0x09de0000)
 compacting perm gen  total 12288K, used 2175K [0x13de0000, 0x149e0000, 0x17de0000)
   the space 12288K,  17% used [0x13de0000, 0x13fffe88, 0x14000000, 0x149e0000)
No shared spaces configured.
Event: 62.848 GC heap after
Heap after GC invocations=3900 (full 746):
 def new generation   total 4992K, used 0K [0x03de0000, 0x04340000, 0x09330000)
  eden space 4480K,   0% used [0x03de0000, 0x03de0000, 0x04240000)
  from space 512K,   0% used [0x04240000, 0x04240000, 0x042c0000)
  to   space 512K,   0% used [0x042c0000, 0x042c0000, 0x04340000)
 tenured generation   total 10944K, used 3314K [0x09330000, 0x09de0000, 0x13de0000)
   the space 10944K,  30% used [0x09330000, 0x0966ca20, 0x0966cc00, 0x09de0000)
 compacting perm gen  total 12288K, used 2175K [0x13de0000, 0x149e0000, 0x17de0000)
   the space 12288K,  17% used [0x13de0000, 0x13fffe88, 0x14000000, 0x149e0000)
No shared spaces configured.
}
Event: 62.850 GC heap before
{Heap before GC invocations=3900 (full 746):
 def new generation   total 4992K, used 3902K [0x03de0000, 0x04340000, 0x09330000)
  eden space 4480K,  87% used [0x03de0000, 0x041af898, 0x04240000)
  from space 512K,   0% used [0x04240000, 0x04240000, 0x042c0000)
  to   space 512K,   0% used [0x042c0000, 0x042c0000, 0x04340000)
 tenured generation   total 10944K, used 3314K [0x09330000, 0x09de0000, 0x13de0000)
   the space 10944K,  30% used [0x09330000, 0x0966ca20, 0x0966cc00, 0x09de0000)
 compacting perm gen  total 12288K, used 2175K [0x13de0000, 0x149e0000, 0x17de0000)
   the space 12288K,  17% used [0x13de0000, 0x13fffe88, 0x14000000, 0x149e0000)
No shared spaces configured.
Event: 62.851 GC heap after
Heap after GC invocations=3901 (full 746):
 def new generation   total 4992K, used 0K [0x03de0000, 0x04340000, 0x09330000)
  eden space 4480K,   0% used [0x03de0000, 0x03de0000, 0x04240000)
  from space 512K,   0% used [0x042c0000, 0x042c0028, 0x04340000)
  to   space 512K,   0% used [0x04240000, 0x04240000, 0x042c0000)
 tenured generation   total 10944K, used 7214K [0x09330000, 0x09de0000, 0x13de0000)
   the space 10944K,  65% used [0x09330000, 0x09a3bab8, 0x09a3bc00, 0x09de0000)
 compacting perm gen  total 12288K, used 2175K [0x13de0000, 0x149e0000, 0x17de0000)
   the space 12288K,  17% used [0x13de0000, 0x13fffe88, 0x14000000, 0x149e0000)
No shared spaces configured.
}
Event: 62.852 GC heap before
{Heap before GC invocations=3901 (full 746):
 def new generation   total 4992K, used 3911K [0x03de0000, 0x04340000, 0x09330000)
  eden space 4480K,  87% used [0x03de0000, 0x041b1ce8, 0x04240000)
  from space 512K,   0% used [0x042c0000, 0x042c0028, 0x04340000)
  to   space 512K,   0% used [0x04240000, 0x04240000, 0x042c0000)
 tenured generation   total 10944K, used 7214K [0x09330000, 0x09de0000, 0x13de0000)
   the space 10944K,  65% used [0x09330000, 0x09a3bab8, 0x09a3bc00, 0x09de0000)
 compacting perm gen  total 12288K, used 2175K [0x13de0000, 0x149e0000, 0x17de0000)
   the space 12288K,  17% used [0x13de0000, 0x13fffe88, 0x14000000, 0x149e0000)
No shared spaces configured.
Event: 62.853 GC heap after
Heap after GC invocations=3902 (full 746):
 def new generation   total 4992K, used 1K [0x03de0000, 0x04340000, 0x09330000)
  eden space 4480K,   0% used [0x03de0000, 0x03de0000, 0x04240000)
  from space 512K,   0% used [0x04240000, 0x04240538, 0x042c0000)
  to   space 512K,   0% used [0x042c0000, 0x042c0000, 0x04340000)
 tenured generation   total 10944K, used 9165K [0x09330000, 0x09de0000, 0x13de0000)
   the space 10944K,  83% used [0x09330000, 0x09c234a8, 0x09c23600, 0x09de0000)
 compacting perm gen  total 12288K, used 2175K [0x13de0000, 0x149e0000, 0x17de0000)
   the space 12288K,  17% used [0x13de0000, 0x13fffe88, 0x14000000, 0x149e0000)
No shared spaces configured.
}

